#
# A fatal error has been detected by the Java Runtime Environment:
#
#  SIGSEGV (0xb) at pc=0x00007fff8e7ed0dd, pid=1084, tid=1299
#
# JRE version: Java(TM) SE Runtime Environment (7.0_51-b13) (build 1.7.0_51-b13)
# Java VM: Java HotSpot(TM) 64-Bit Server VM (24.51-b03 mixed mode bsd-amd64 compressed oops)
# Problematic frame:
# C  [libobjc.A.dylib+0x10dd]  objc_msgSend+0x1d
#
# Failed to write core dump. Core dumps have been disabled. To enable core dumping, try "ulimit -c unlimited" before starting Java again
#
# If you would like to submit a bug report, please visit:
#   http://bugreport.sun.com/bugreport/crash.jsp
# The crash happened outside the Java Virtual Machine in native code.
# See problematic frame for where to report the bug.
#

---------------  T H R E A D  ---------------

Current thread (0x00007fea7c066000):  JavaThread "AppKit Thread" daemon [_thread_in_native, id=1299, stack(0x00007fff5b106000,0x00007fff5b186000)]

siginfo:si_signo=SIGSEGV: si_errno=0, si_code=1 (SEGV_MAPERR), si_addr=0x0000000000000018

Registers:
RAX=0x00007fea7cc90380, RBX=0x00007fff5b180d78, RCX=0x0000000000000000, RDX=0x00007fea7cd53ff0
RSP=0x00007fff5b180b98, RBP=0x00007fff5b180ba0, RSI=0x00007fff88e4ac54, RDI=0x00007fea7cc90380
R8 =0x00007fff5b180b80, R9 =0x0000000000000071, R10=0x00007fff88e4ac54, R11=0x0000000000000000
R12=0x00007fea7a6299e0, R13=0x00000000000f432e, R14=0x00007fea7a443700, R15=0x00007fff5b180cd8
RIP=0x00007fff8e7ed0dd, EFLAGS=0x0000000000010246, ERR=0x0000000000000004
  TRAPNO=0x000000000000000e

Top of Stack: (sp=0x00007fff5b180b98)
0x00007fff5b180b98:   00007fff9242ecbc 00007fff5b180f00
0x00007fff5b180ba8:   00007fff923201b4 00007fff5b180c2c
0x00007fff5b180bb8:   00007fff5b180c30 00007fff5b180c34
0x00007fff5b180bc8:   00007fff7475cb48 ffffffffffffffff
0x00007fff5b180bd8:   0000000000000a98 00007fff7475cb60
0x00007fff5b180be8:   00007fea7a443700 0000000000000000
0x00007fff5b180bf8:   00007fff5b180cd0 0000000000000000
0x00007fff5b180c08:   00007fea7a7855c0 00007fff5b180d50
0x00007fff5b180c18:   0000000000000071 00000000000f4330
0x00007fff5b180c28:   00007fea7cd53ff0 00007fea7a79ff30
0x00007fff5b180c38:   00007fea7a6299e0 0000000000000001
0x00007fff5b180c48:   00000000000f432e 00007fea7a6299d0
0x00007fff5b180c58:   00007fff84db9109 000000017b0044e0
0x00007fff5b180c68:   00007fff760580d0 0000000042000000
0x00007fff5b180c78:   00007fff84dc16a3 00007fff747271d0
0x00007fff5b180c88:   00007fff5b180d58 00007fff5b180cb0
0x00007fff5b180c98:   00007fff5b180cd0 0000000000000000
0x00007fff5b180ca8:   0000000000000005 0002670300000001
0x00007fff5b180cb8:   00007fea7a629a04 0000000000000000
0x00007fff5b180cc8:   0000000000000000 00007fea7a7a0250
0x00007fff5b180cd8:   00007fea7a443700 0000002000000000
0x00007fff5b180ce8:   0000000000000000 00007fff760580d0
0x00007fff5b180cf8:   0000000042000000 00007fff84ef999f
0x00007fff5b180d08:   00007fff747272e0 00007fff5b180c68
0x00007fff5b180d18:   0000000000000000 00007fff5b180de8
0x00007fff5b180d28:   00007fff74f99560 00007fff5b180e20
0x00007fff5b180d38:   00007fff89172edc 00007fff5b180dd0
0x00007fff5b180d48:   00007fff88926f0c 000000000000005e
0x00007fff5b180d58:   0000000000000000 00000000000f4329
0x00007fff5b180d68:   0000000000000060 0000000000000000
0x00007fff5b180d78:   00000000000f432e 00007fff5b180df4
0x00007fff5b180d88:   000000000058c301 00000000ffffffff 

Instructions: (pc=0x00007fff8e7ed0dd)
0x00007fff8e7ed0bd:   00 00 00 48 85 ff 2e 74 7a 40 f6 c7 01 2e 75 7e
0x00007fff8e7ed0cd:   49 bb f8 ff ff ff ff 7f 00 00 4c 23 1f 49 89 f2
0x00007fff8e7ed0dd:   45 23 53 18 49 c1 e2 04 4d 03 53 10 49 3b 32 75
0x00007fff8e7ed0ed:   04 41 ff 62 08 49 83 3a 00 74 6a 4d 3b 53 10 74 

Register to memory mapping:

RAX=0x00007fea7cc90380 is an unknown value
RBX=0x00007fff5b180d78 is pointing into the stack for thread: 0x00007fea7c066000
RCX=0x0000000000000000 is an unknown value
RDX=0x00007fea7cd53ff0 is an unknown value
RSP=0x00007fff5b180b98 is pointing into the stack for thread: 0x00007fea7c066000
RBP=0x00007fff5b180ba0 is pointing into the stack for thread: 0x00007fea7c066000
RSI=0x00007fff88e4ac54: -[NSTitlebarContainerView shouldRoundCorners]+0x5c646 in /System/Library/Frameworks/AppKit.framework/Versions/C/AppKit at 0x00007fff88481000
RDI=0x00007fea7cc90380 is an unknown value
R8 =0x00007fff5b180b80 is pointing into the stack for thread: 0x00007fea7c066000
R9 =0x0000000000000071 is an unknown value
R10=0x00007fff88e4ac54: -[NSTitlebarContainerView shouldRoundCorners]+0x5c646 in /System/Library/Frameworks/AppKit.framework/Versions/C/AppKit at 0x00007fff88481000
R11=0x0000000000000000 is an unknown value
R12=0x00007fea7a6299e0 is an unknown value
R13=0x00000000000f432e is an unknown value
R14=0x00007fea7a443700 is an unknown value
R15=0x00007fff5b180cd8 is pointing into the stack for thread: 0x00007fea7c066000


Stack: [0x00007fff5b106000,0x00007fff5b186000],  sp=0x00007fff5b180b98,  free space=490k
Native frames: (J=compiled Java code, j=interpreted, Vv=VM code, C=native code)
C  [libobjc.A.dylib+0x10dd]  objc_msgSend+0x1d
C  [CoreFoundation+0x101b4]  _CFXNotificationPost+0xc44
C  [Foundation+0x2ea1]  -[NSNotificationCenter postNotificationName:object:userInfo:]+0x42
C  [AppKit+0xddc86]  -[NSSurface _disposeSurface]+0x98
C  [AppKit+0xdd6ea]  -[NSSurface setWindow:]+0x42
C  [AppKit+0x3c15c]  -[NSView _setWindow:]+0x98f
C  [AppKit+0x3d3b2]  -[NSView removeFromSuperview]+0x1c5
C  [AppKit+0x91a1a]  -[NSView removeFromSuperviewWithoutNeedingDisplay]+0x26
C  [liblwjgl.dylib+0x936e]  +[MacOSXKeyableWindow destroyWindow]+0xde
C  [Foundation+0x65f4c]  __NSThreadPerformPerform+0x125
C  [CoreFoundation+0x80661]  __CFRUNLOOP_IS_CALLING_OUT_TO_A_SOURCE0_PERFORM_FUNCTION__+0x11
C  [CoreFoundation+0x727ed]  __CFRunLoopDoSources0+0x10d
C  [CoreFoundation+0x71e1f]  __CFRunLoopRun+0x39f
C  [CoreFoundation+0x71838]  CFRunLoopRunSpecific+0x128
C  [HIToolbox+0x2e43f]  RunCurrentEventLoopInMode+0xeb
C  [HIToolbox+0x2e1ba]  ReceiveNextEventCommon+0x1af
C  [HIToolbox+0x2dffb]  _BlockUntilNextEventMatchingListInModeWithFilter+0x47
C  [AppKit+0x24821]  _DPSNextEvent+0x3c4
C  [AppKit+0x23fd0]  -[NSApplication nextEventMatchingMask:untilDate:inMode:dequeue:]+0xc2
C  [libosxapp.dylib+0x16f4]  -[NSApplicationAWT nextEventMatchingMask:untilDate:inMode:dequeue:]+0x7c
C  [AppKit+0x17f73]  -[NSApplication run]+0x252
C  [libosxapp.dylib+0x1557]  +[NSApplicationAWT runAWTLoopWithApp:]+0x9c
C  [liblwawt.dylib+0xdba9]  -[AWTStarter starter:]+0x369
C  [Foundation+0x65f4c]  __NSThreadPerformPerform+0x125
C  [CoreFoundation+0x80661]  __CFRUNLOOP_IS_CALLING_OUT_TO_A_SOURCE0_PERFORM_FUNCTION__+0x11
C  [CoreFoundation+0x727ed]  __CFRunLoopDoSources0+0x10d
C  [CoreFoundation+0x71e1f]  __CFRunLoopRun+0x39f
C  [CoreFoundation+0x71838]  CFRunLoopRunSpecific+0x128
C  [java+0x73b0]  CreateExecutionEnvironment+0x367
C  [java+0x1b5c]  JLI_Launch+0x7a0
C  [java+0x770d]  main+0x65
C  [java+0x13b4]  start+0x34


---------------  P R O C E S S  ---------------

Java Threads: ( => current thread )
  0x00007fea7ab40800 JavaThread "AWT-Shutdown" [_thread_blocked, id=40991, stack(0x0000000118ad7000,0x0000000118bd7000)]
  0x00007fea7c357000 JavaThread "jME3 Audio Thread" daemon [_thread_blocked, id=57355, stack(0x0000000115348000,0x0000000115448000)]
  0x00007fea7b174800 JavaThread "DestroyJavaVM" [_thread_blocked, id=4867, stack(0x0000000105e54000,0x0000000105f54000)]
  0x00007fea7b19b800 JavaThread "LWJGL Renderer Thread" [_thread_in_native, id=54791, stack(0x00000001140e0000,0x00000001141e0000)]
  0x00007fea7c432800 JavaThread "TimerQueue" daemon [_thread_blocked, id=59715, stack(0x0000000115ff5000,0x00000001160f5000)]
  0x00007fea7a917000 JavaThread "Timer-0" daemon [_thread_blocked, id=52227, stack(0x0000000113681000,0x0000000113781000)]
  0x00007fea7c1c7000 JavaThread "Java2D Disposer" daemon [_thread_blocked, id=51723, stack(0x000000011357e000,0x000000011367e000)]
  0x00007fea7b087800 JavaThread "Java2D Queue Flusher" daemon [_thread_blocked, id=46347, stack(0x00000001130d3000,0x00000001131d3000)]
=>0x00007fea7c066000 JavaThread "AppKit Thread" daemon [_thread_in_native, id=1299, stack(0x00007fff5b106000,0x00007fff5b186000)]
  0x00007fea7c034800 JavaThread "Service Thread" daemon [_thread_blocked, id=17667, stack(0x000000010ed90000,0x000000010ee90000)]
  0x00007fea7c033800 JavaThread "C2 CompilerThread1" daemon [_thread_blocked, id=17155, stack(0x000000010ec8d000,0x000000010ed8d000)]
  0x00007fea7b80a800 JavaThread "C2 CompilerThread0" daemon [_thread_blocked, id=16643, stack(0x000000010eb8a000,0x000000010ec8a000)]
  0x00007fea7a805800 JavaThread "Signal Dispatcher" daemon [_thread_blocked, id=16151, stack(0x000000010ea87000,0x000000010eb87000)]
  0x00007fea7c028000 JavaThread "Finalizer" daemon [_thread_blocked, id=11523, stack(0x000000010d141000,0x000000010d241000)]
  0x00007fea7b014000 JavaThread "Reference Handler" daemon [_thread_blocked, id=11011, stack(0x000000010d03e000,0x000000010d13e000)]

Other Threads:
  0x00007fea7b013800 VMThread [stack: 0x000000010cf3b000,0x000000010d03b000] [id=10499]
  0x00007fea7b80d000 WatcherThread [stack: 0x000000010ee93000,0x000000010ef93000] [id=18179]

VM state:not at safepoint (normal execution)

VM Mutex/Monitor currently owned by a thread: None

Heap
 PSYoungGen      total 36352K, used 4052K [0x00000007eaa80000, 0x00000007ed080000, 0x0000000800000000)
  eden space 33792K, 4% used [0x00000007eaa80000,0x00000007eabfc5a8,0x00000007ecb80000)
  from space 2560K, 98% used [0x00000007ece00000,0x00000007ed078b30,0x00000007ed080000)
  to   space 2560K, 0% used [0x00000007ecb80000,0x00000007ecb80000,0x00000007ece00000)
 ParOldGen       total 43520K, used 6651K [0x00000007c0000000, 0x00000007c2a80000, 0x00000007eaa80000)
  object space 43520K, 15% used [0x00000007c0000000,0x00000007c067ee48,0x00000007c2a80000)
 PSPermGen       total 21504K, used 16122K [0x00000007bae00000, 0x00000007bc300000, 0x00000007c0000000)
  object space 21504K, 74% used [0x00000007bae00000,0x00000007bbdbe820,0x00000007bc300000)

Card table byte_map: [0x0000000109016000,0x0000000109240000] byte_map_base: 0x000000010523f000

Polling page: 0x0000000104bcc000

Code Cache  [0x0000000105f56000, 0x00000001061c6000, 0x0000000108f56000)
 total_blobs=755 nmethods=202 adapters=507 free_code_cache=47992Kb largest_free_block=49080576

Compilation events (10 events):
Event: 5.197 Thread 0x00007fea7c033800 nmethod 204 0x0000000105fd4050 code [0x0000000105fd41a0, 0x0000000105fd44b8]
Event: 5.197 Thread 0x00007fea7c033800  205             java.lang.StringBuilder::append (8 bytes)
Event: 5.203 Thread 0x00007fea7c033800 nmethod 205 0x0000000106007190 code [0x00000001060072e0, 0x00000001060075f8]
Event: 5.203 Thread 0x00007fea7c033800  206             java.lang.AbstractStringBuilder::append (48 bytes)
Event: 5.208 Thread 0x00007fea7c033800 nmethod 206 0x0000000106004050 code [0x00000001060041c0, 0x00000001060045b8]
Event: 5.208 Thread 0x00007fea7c033800  207             com.jme3.util.blockparser.BlockLanguageParser::load (256 bytes)
Event: 5.235 Thread 0x00007fea7b80a800 nmethod 190% 0x000000010607f3d0 code [0x000000010607f860, 0x0000000106083b30]
Event: 5.237 Thread 0x00007fea7c033800 nmethod 207 0x000000010600ef10 code [0x000000010600f180, 0x000000010600ff60]
Event: 7.159 Thread 0x00007fea7b80a800  208             sun.misc.MetaIndex::mayContain (51 bytes)
Event: 7.164 Thread 0x00007fea7b80a800 nmethod 208 0x0000000106006b10 code [0x0000000106006c80, 0x0000000106006f28]

GC Heap History (8 events):
Event: 3.789 GC heap before
{Heap before GC invocations=1 (full 0):
 PSYoungGen      total 19456K, used 16896K [0x00000007eaa80000, 0x00000007ec000000, 0x0000000800000000)
  eden space 16896K, 100% used [0x00000007eaa80000,0x00000007ebb00000,0x00000007ebb00000)
  from space 2560K, 0% used [0x00000007ebd80000,0x00000007ebd80000,0x00000007ec000000)
  to   space 2560K, 0% used [0x00000007ebb00000,0x00000007ebb00000,0x00000007ebd80000)
 ParOldGen       total 43520K, used 0K [0x00000007c0000000, 0x00000007c2a80000, 0x00000007eaa80000)
  object space 43520K, 0% used [0x00000007c0000000,0x00000007c0000000,0x00000007c2a80000)
 PSPermGen       total 21504K, used 13832K [0x00000007bae00000, 0x00000007bc300000, 0x00000007c0000000)
  object space 21504K, 64% used [0x00000007bae00000,0x00000007bbb822b0,0x00000007bc300000)
Event: 3.799 GC heap after
Heap after GC invocations=1 (full 0):
 PSYoungGen      total 19456K, used 2528K [0x00000007eaa80000, 0x00000007ec000000, 0x0000000800000000)
  eden space 16896K, 0% used [0x00000007eaa80000,0x00000007eaa80000,0x00000007ebb00000)
  from space 2560K, 98% used [0x00000007ebb00000,0x00000007ebd78030,0x00000007ebd80000)
  to   space 2560K, 0% used [0x00000007ebd80000,0x00000007ebd80000,0x00000007ec000000)
 ParOldGen       total 43520K, used 2466K [0x00000007c0000000, 0x00000007c2a80000, 0x00000007eaa80000)
  object space 43520K, 5% used [0x00000007c0000000,0x00000007c0268b18,0x00000007c2a80000)
 PSPermGen       total 21504K, used 13832K [0x00000007bae00000, 0x00000007bc300000, 0x00000007c0000000)
  object space 21504K, 64% used [0x00000007bae00000,0x00000007bbb822b0,0x00000007bc300000)
}
Event: 4.385 GC heap before
{Heap before GC invocations=2 (full 0):
 PSYoungGen      total 19456K, used 19424K [0x00000007eaa80000, 0x00000007ec000000, 0x0000000800000000)
  eden space 16896K, 100% used [0x00000007eaa80000,0x00000007ebb00000,0x00000007ebb00000)
  from space 2560K, 98% used [0x00000007ebb00000,0x00000007ebd78030,0x00000007ebd80000)
  to   space 2560K, 0% used [0x00000007ebd80000,0x00000007ebd80000,0x00000007ec000000)
 ParOldGen       total 43520K, used 2466K [0x00000007c0000000, 0x00000007c2a80000, 0x00000007eaa80000)
  object space 43520K, 5% used [0x00000007c0000000,0x00000007c0268b18,0x00000007c2a80000)
 PSPermGen       total 21504K, used 16049K [0x00000007bae00000, 0x00000007bc300000, 0x00000007c0000000)
  object space 21504K, 74% used [0x00000007bae00000,0x00000007bbdac418,0x00000007bc300000)
Event: 4.396 GC heap after
Heap after GC invocations=2 (full 0):
 PSYoungGen      total 19456K, used 2541K [0x00000007eaa80000, 0x00000007ec000000, 0x0000000800000000)
  eden space 16896K, 0% used [0x00000007eaa80000,0x00000007eaa80000,0x00000007ebb00000)
  from space 2560K, 99% used [0x00000007ebd80000,0x00000007ebffb7c0,0x00000007ec000000)
  to   space 2560K, 0% used [0x00000007ebb00000,0x00000007ebb00000,0x00000007ebd80000)
 ParOldGen       total 43520K, used 6227K [0x00000007c0000000, 0x00000007c2a80000, 0x00000007eaa80000)
  object space 43520K, 14% used [0x00000007c0000000,0x00000007c0614e48,0x00000007c2a80000)
 PSPermGen       total 21504K, used 16049K [0x00000007bae00000, 0x00000007bc300000, 0x00000007c0000000)
  object space 21504K, 74% used [0x00000007bae00000,0x00000007bbdac418,0x00000007bc300000)
}
Event: 4.634 GC heap before
{Heap before GC invocations=3 (full 0):
 PSYoungGen      total 19456K, used 19437K [0x00000007eaa80000, 0x00000007ec000000, 0x0000000800000000)
  eden space 16896K, 100% used [0x00000007eaa80000,0x00000007ebb00000,0x00000007ebb00000)
  from space 2560K, 99% used [0x00000007ebd80000,0x00000007ebffb7c0,0x00000007ec000000)
  to   space 2560K, 0% used [0x00000007ebb00000,0x00000007ebb00000,0x00000007ebd80000)
 ParOldGen       total 43520K, used 6227K [0x00000007c0000000, 0x00000007c2a80000, 0x00000007eaa80000)
  object space 43520K, 14% used [0x00000007c0000000,0x00000007c0614e48,0x00000007c2a80000)
 PSPermGen       total 21504K, used 16068K [0x00000007bae00000, 0x00000007bc300000, 0x00000007c0000000)
  object space 21504K, 74% used [0x00000007bae00000,0x00000007bbdb1368,0x00000007bc300000)
Event: 4.639 GC heap after
Heap after GC invocations=3 (full 0):
 PSYoungGen      total 19456K, used 2514K [0x00000007eaa80000, 0x00000007ed080000, 0x0000000800000000)
  eden space 16896K, 0% used [0x00000007eaa80000,0x00000007eaa80000,0x00000007ebb00000)
  from space 2560K, 98% used [0x00000007ebb00000,0x00000007ebd74b00,0x00000007ebd80000)
  to   space 2560K, 0% used [0x00000007ece00000,0x00000007ece00000,0x00000007ed080000)
 ParOldGen       total 43520K, used 6227K [0x00000007c0000000, 0x00000007c2a80000, 0x00000007eaa80000)
  object space 43520K, 14% used [0x00000007c0000000,0x00000007c0614e48,0x00000007c2a80000)
 PSPermGen       total 21504K, used 16068K [0x00000007bae00000, 0x00000007bc300000, 0x00000007c0000000)
  object space 21504K, 74% used [0x00000007bae00000,0x00000007bbdb1368,0x00000007bc300000)
}
Event: 5.050 GC heap before
{Heap before GC invocations=4 (full 0):
 PSYoungGen      total 19456K, used 19410K [0x00000007eaa80000, 0x00000007ed080000, 0x0000000800000000)
  eden space 16896K, 100% used [0x00000007eaa80000,0x00000007ebb00000,0x00000007ebb00000)
  from space 2560K, 98% used [0x00000007ebb00000,0x00000007ebd74b00,0x00000007ebd80000)
  to   space 2560K, 0% used [0x00000007ece00000,0x00000007ece00000,0x00000007ed080000)
 ParOldGen       total 43520K, used 6227K [0x00000007c0000000, 0x00000007c2a80000, 0x00000007eaa80000)
  object space 43520K, 14% used [0x00000007c0000000,0x00000007c0614e48,0x00000007c2a80000)
 PSPermGen       total 21504K, used 16111K [0x00000007bae00000, 0x00000007bc300000, 0x00000007c0000000)
  object space 21504K, 74% used [0x00000007bae00000,0x00000007bbdbbcc0,0x00000007bc300000)
Event: 5.057 GC heap after
Heap after GC invocations=4 (full 0):
 PSYoungGen      total 36352K, used 2530K [0x00000007eaa80000, 0x00000007ed080000, 0x0000000800000000)
  eden space 33792K, 0% used [0x00000007eaa80000,0x00000007eaa80000,0x00000007ecb80000)
  from space 2560K, 98% used [0x00000007ece00000,0x00000007ed078b30,0x00000007ed080000)
  to   space 2560K, 0% used [0x00000007ecb80000,0x00000007ecb80000,0x00000007ece00000)
 ParOldGen       total 43520K, used 6651K [0x00000007c0000000, 0x00000007c2a80000, 0x00000007eaa80000)
  object space 43520K, 15% used [0x00000007c0000000,0x00000007c067ee48,0x00000007c2a80000)
 PSPermGen       total 21504K, used 16111K [0x00000007bae00000, 0x00000007bc300000, 0x00000007c0000000)
  object space 21504K, 74% used [0x00000007bae00000,0x00000007bbdbbcc0,0x00000007bc300000)
}

Deoptimization events (10 events):
Event: 4.529 Thread 0x00007fea7b19b800 Uncommon trap: reason=class_check action=maybe_recompile pc=0x000000010600c50c method=java.util.regex.Pattern$CharProperty.match(Ljava/util/regex/Matcher;ILjava/lang/CharSequence;)Z @ 37
Event: 4.622 Thread 0x00007fea7b19b800 Uncommon trap: reason=class_check action=maybe_recompile pc=0x0000000106046b68 method=java.util.regex.Matcher.getTextLength()I @ 4
Event: 4.622 Thread 0x00007fea7b19b800 Uncommon trap: reason=class_check action=maybe_recompile pc=0x0000000106046b68 method=java.util.regex.Matcher.getTextLength()I @ 4
Event: 4.622 Thread 0x00007fea7b19b800 Uncommon trap: reason=class_check action=maybe_recompile pc=0x0000000106046b68 method=java.util.regex.Matcher.getTextLength()I @ 4
Event: 4.622 Thread 0x00007fea7b19b800 Uncommon trap: reason=class_check action=maybe_recompile pc=0x0000000106046b68 method=java.util.regex.Matcher.getTextLength()I @ 4
Event: 4.738 Thread 0x00007fea7b19b800 Uncommon trap: reason=class_check action=maybe_recompile pc=0x000000010604e838 method=java.util.regex.Matcher.getTextLength()I @ 4
Event: 5.072 Thread 0x00007fea7b19b800 Uncommon trap: reason=bimorphic action=maybe_recompile pc=0x0000000106032f50 method=java.util.regex.Pattern$BmpCharProperty.match(Ljava/util/regex/Matcher;ILjava/lang/CharSequence;)Z @ 16
Event: 5.072 Thread 0x00007fea7b19b800 Uncommon trap: reason=bimorphic action=maybe_recompile pc=0x0000000106032f50 method=java.util.regex.Pattern$BmpCharProperty.match(Ljava/util/regex/Matcher;ILjava/lang/CharSequence;)Z @ 16
Event: 5.072 Thread 0x00007fea7b19b800 Uncommon trap: reason=bimorphic action=maybe_recompile pc=0x0000000106032f50 method=java.util.regex.Pattern$BmpCharProperty.match(Ljava/util/regex/Matcher;ILjava/lang/CharSequence;)Z @ 16
Event: 5.072 Thread 0x00007fea7b19b800 Uncommon trap: reason=bimorphic action=maybe_recompile pc=0x0000000106032f50 method=java.util.regex.Pattern$BmpCharProperty.match(Ljava/util/regex/Matcher;ILjava/lang/CharSequence;)Z @ 16

Internal exceptions (10 events):
Event: 4.146 Thread 0x00007fea7b19b800 Threw 0x00000007eb2306c8 at /HUDSON/workspace/7u-2-build-macosx-x86_64/jdk7u51/527/hotspot/src/share/vm/prims/jvm.cpp:1244
Event: 4.147 Thread 0x00007fea7b19b800 Threw 0x00000007eb234180 at /HUDSON/workspace/7u-2-build-macosx-x86_64/jdk7u51/527/hotspot/src/share/vm/prims/jvm.cpp:1244
Event: 4.148 Thread 0x00007fea7b19b800 Threw 0x00000007eb237a20 at /HUDSON/workspace/7u-2-build-macosx-x86_64/jdk7u51/527/hotspot/src/share/vm/prims/jvm.cpp:1244
Event: 4.150 Thread 0x00007fea7b19b800 Threw 0x00000007eb241850 at /HUDSON/workspace/7u-2-build-macosx-x86_64/jdk7u51/527/hotspot/src/share/vm/prims/jvm.cpp:1244
Event: 4.151 Thread 0x00007fea7b19b800 Threw 0x00000007eb247b80 at /HUDSON/workspace/7u-2-build-macosx-x86_64/jdk7u51/527/hotspot/src/share/vm/prims/jvm.cpp:1244
Event: 4.152 Thread 0x00007fea7b19b800 Threw 0x00000007eb252a20 at /HUDSON/workspace/7u-2-build-macosx-x86_64/jdk7u51/527/hotspot/src/share/vm/prims/jvm.cpp:1244
Event: 4.153 Thread 0x00007fea7b19b800 Threw 0x00000007eb256bd0 at /HUDSON/workspace/7u-2-build-macosx-x86_64/jdk7u51/527/hotspot/src/share/vm/prims/jvm.cpp:1244
Event: 4.944 Thread 0x00007fea7b19b800 Threw 0x00000007eba51fe0 at /HUDSON/workspace/7u-2-build-macosx-x86_64/jdk7u51/527/hotspot/src/share/vm/prims/jvm.cpp:1244
Event: 5.073 Thread 0x00007fea7b19b800 Threw 0x00000007eaacb310 at /HUDSON/workspace/7u-2-build-macosx-x86_64/jdk7u51/527/hotspot/src/share/vm/prims/jvm.cpp:1244
Event: 7.159 Thread 0x00007fea7b19b800 Threw 0x00000007eab939e0 at /HUDSON/workspace/7u-2-build-macosx-x86_64/jdk7u51/527/hotspot/src/share/vm/prims/jvm.cpp:1244

Events (10 events):
Event: 5.072 loading class 0x00007fea7a56c580 done
Event: 5.110 Thread 0x00007fea7c033800 flushing nmethod 0x0000000105fd3f10
Event: 5.197 Thread 0x00007fea7c033800 flushing nmethod 0x0000000106003310
Event: 5.197 Thread 0x00007fea7c033800 flushing nmethod 0x0000000106003810
Event: 5.197 Thread 0x00007fea7c033800 flushing nmethod 0x00000001060069d0
Event: 5.208 Thread 0x00007fea7c033800 flushing nmethod 0x000000010600ec90
Event: 5.512 Thread 0x00007fea7ab40800 Thread added: 0x00007fea7ab40800
Event: 5.851 Thread 0x00007fea7b8d6000 Thread exited: 0x00007fea7b8d6000
Event: 7.159 loading class 0x00007fea7cd21520
Event: 7.159 loading class 0x00007fea7cd21520 done


Dynamic libraries:
0x000000000461e000 	/System/Library/Frameworks/Cocoa.framework/Versions/A/Cocoa
0x000000000461e000 	/System/Library/Frameworks/Security.framework/Versions/A/Security
0x000000000461e000 	/System/Library/Frameworks/ApplicationServices.framework/Versions/A/ApplicationServices
0x000000000461e000 	/usr/lib/libz.1.dylib
0x000000000461e000 	/usr/lib/libSystem.B.dylib
0x000000000461e000 	/usr/lib/libobjc.A.dylib
0x000000000461e000 	/System/Library/Frameworks/CoreFoundation.framework/Versions/A/CoreFoundation
0x000000000461e000 	/System/Library/Frameworks/Foundation.framework/Versions/C/Foundation
0x000000000461e000 	/System/Library/Frameworks/AppKit.framework/Versions/C/AppKit
0x000000000461e000 	/System/Library/Frameworks/CoreData.framework/Versions/A/CoreData
0x000000000461e000 	/System/Library/PrivateFrameworks/RemoteViewServices.framework/Versions/A/RemoteViewServices
0x000000000461e000 	/System/Library/PrivateFrameworks/UIFoundation.framework/Versions/A/UIFoundation
0x000000000461e000 	/System/Library/Frameworks/IOSurface.framework/Versions/A/IOSurface
0x000000000461e000 	/System/Library/Frameworks/AudioToolbox.framework/Versions/A/AudioToolbox
0x000000000461e000 	/System/Library/Frameworks/AudioUnit.framework/Versions/A/AudioUnit
0x000000000461e000 	/System/Library/PrivateFrameworks/DataDetectorsCore.framework/Versions/A/DataDetectorsCore
0x000000000461e000 	/System/Library/PrivateFrameworks/DesktopServicesPriv.framework/Versions/A/DesktopServicesPriv
0x000000000461e000 	/System/Library/Frameworks/Carbon.framework/Versions/A/Frameworks/HIToolbox.framework/Versions/A/HIToolbox
0x000000000461e000 	/System/Library/Frameworks/QuartzCore.framework/Versions/A/QuartzCore
0x000000000461e000 	/System/Library/Frameworks/Carbon.framework/Versions/A/Frameworks/SpeechRecognition.framework/Versions/A/SpeechRecognition
0x000000000461e000 	/usr/lib/libauto.dylib
0x000000000461e000 	/usr/lib/libicucore.A.dylib
0x000000000461e000 	/usr/lib/libxml2.2.dylib
0x000000000461e000 	/System/Library/PrivateFrameworks/CoreUI.framework/Versions/A/CoreUI
0x000000000461e000 	/System/Library/Frameworks/CoreAudio.framework/Versions/A/CoreAudio
0x000000000461e000 	/System/Library/Frameworks/DiskArbitration.framework/Versions/A/DiskArbitration
0x000000000461e000 	/usr/lib/liblangid.dylib
0x000000000461e000 	/System/Library/PrivateFrameworks/MultitouchSupport.framework/Versions/A/MultitouchSupport
0x000000000461e000 	/System/Library/Frameworks/IOKit.framework/Versions/A/IOKit
0x000000000461e000 	/usr/lib/libDiagnosticMessagesClient.dylib
0x000000000461e000 	/System/Library/Frameworks/CoreServices.framework/Versions/A/CoreServices
0x000000000461e000 	/System/Library/PrivateFrameworks/PerformanceAnalysis.framework/Versions/A/PerformanceAnalysis
0x000000000461e000 	/System/Library/PrivateFrameworks/GenerationalStorage.framework/Versions/A/GenerationalStorage
0x000000000461e000 	/System/Library/Frameworks/OpenGL.framework/Versions/A/OpenGL
0x000000000461e000 	/System/Library/PrivateFrameworks/Sharing.framework/Versions/A/Sharing
0x000000000461e000 	/System/Library/Frameworks/CoreGraphics.framework/Versions/A/CoreGraphics
0x000000000461e000 	/System/Library/Frameworks/CoreText.framework/Versions/A/CoreText
0x000000000461e000 	/System/Library/Frameworks/ImageIO.framework/Versions/A/ImageIO
0x000000000461e000 	/usr/lib/libextension.dylib
0x000000000461e000 	/System/Library/PrivateFrameworks/Backup.framework/Versions/A/Backup
0x000000000461e000 	/usr/lib/libarchive.2.dylib
0x000000000461e000 	/System/Library/Frameworks/CFNetwork.framework/Versions/A/CFNetwork
0x000000000461e000 	/System/Library/Frameworks/SystemConfiguration.framework/Versions/A/SystemConfiguration
0x000000000461e000 	/usr/lib/libCRFSuite.dylib
0x000000000461e000 	/usr/lib/libc++.1.dylib
0x000000000461e000 	/usr/lib/libc++abi.dylib
0x000000000461e000 	/usr/lib/system/libcache.dylib
0x000000000461e000 	/usr/lib/system/libcommonCrypto.dylib
0x000000000461e000 	/usr/lib/system/libcompiler_rt.dylib
0x000000000461e000 	/usr/lib/system/libcopyfile.dylib
0x000000000461e000 	/usr/lib/system/libcorecrypto.dylib
0x000000000461e000 	/usr/lib/system/libdispatch.dylib
0x000000000461e000 	/usr/lib/system/libdyld.dylib
0x000000000461e000 	/usr/lib/system/libkeymgr.dylib
0x000000000461e000 	/usr/lib/system/liblaunch.dylib
0x000000000461e000 	/usr/lib/system/libmacho.dylib
0x000000000461e000 	/usr/lib/system/libquarantine.dylib
0x000000000461e000 	/usr/lib/system/libremovefile.dylib
0x000000000461e000 	/usr/lib/system/libsystem_asl.dylib
0x000000000461e000 	/usr/lib/system/libsystem_blocks.dylib
0x000000000461e000 	/usr/lib/system/libsystem_c.dylib
0x000000000461e000 	/usr/lib/system/libsystem_configuration.dylib
0x000000000461e000 	/usr/lib/system/libsystem_coreservices.dylib
0x000000000461e000 	/usr/lib/system/libsystem_coretls.dylib
0x000000000461e000 	/usr/lib/system/libsystem_dnssd.dylib
0x000000000461e000 	/usr/lib/system/libsystem_info.dylib
0x000000000461e000 	/usr/lib/system/libsystem_kernel.dylib
0x000000000461e000 	/usr/lib/system/libsystem_m.dylib
0x000000000461e000 	/usr/lib/system/libsystem_malloc.dylib
0x000000000461e000 	/usr/lib/system/libsystem_network.dylib
0x000000000461e000 	/usr/lib/system/libsystem_networkextension.dylib
0x000000000461e000 	/usr/lib/system/libsystem_notify.dylib
0x000000000461e000 	/usr/lib/system/libsystem_platform.dylib
0x000000000461e000 	/usr/lib/system/libsystem_pthread.dylib
0x000000000461e000 	/usr/lib/system/libsystem_sandbox.dylib
0x000000000461e000 	/usr/lib/system/libsystem_secinit.dylib
0x000000000461e000 	/usr/lib/system/libsystem_stats.dylib
0x000000000461e000 	/usr/lib/system/libsystem_trace.dylib
0x000000000461e000 	/usr/lib/system/libunc.dylib
0x000000000461e000 	/usr/lib/system/libunwind.dylib
0x000000000461e000 	/usr/lib/system/libxpc.dylib
0x000000000461e000 	/usr/lib/libbz2.1.0.dylib
0x000000000461e000 	/usr/lib/liblzma.5.dylib
0x000000000461e000 	/usr/lib/libbsm.0.dylib
0x000000000461e000 	/usr/lib/libsqlite3.dylib
0x000000000461e000 	/usr/lib/system/libkxld.dylib
0x000000000461e000 	/usr/lib/libxar.1.dylib
0x000000000461e000 	/usr/lib/libpam.2.dylib
0x000000000461e000 	/usr/lib/libOpenScriptingUtil.dylib
0x000000000461e000 	/System/Library/Frameworks/CoreServices.framework/Versions/A/Frameworks/FSEvents.framework/Versions/A/FSEvents
0x000000000461e000 	/System/Library/Frameworks/CoreServices.framework/Versions/A/Frameworks/CarbonCore.framework/Versions/A/CarbonCore
0x000000000461e000 	/System/Library/Frameworks/CoreServices.framework/Versions/A/Frameworks/Metadata.framework/Versions/A/Metadata
0x000000000461e000 	/System/Library/Frameworks/CoreServices.framework/Versions/A/Frameworks/OSServices.framework/Versions/A/OSServices
0x000000000461e000 	/System/Library/Frameworks/CoreServices.framework/Versions/A/Frameworks/SearchKit.framework/Versions/A/SearchKit
0x000000000461e000 	/System/Library/Frameworks/CoreServices.framework/Versions/A/Frameworks/AE.framework/Versions/A/AE
0x000000000461e000 	/System/Library/Frameworks/CoreServices.framework/Versions/A/Frameworks/LaunchServices.framework/Versions/A/LaunchServices
0x000000000461e000 	/System/Library/Frameworks/CoreServices.framework/Versions/A/Frameworks/DictionaryServices.framework/Versions/A/DictionaryServices
0x000000000461e000 	/System/Library/Frameworks/NetFS.framework/Versions/A/NetFS
0x000000000461e000 	/System/Library/PrivateFrameworks/NetAuth.framework/Versions/A/NetAuth
0x000000000461e000 	/System/Library/PrivateFrameworks/login.framework/Versions/A/Frameworks/loginsupport.framework/Versions/A/loginsupport
0x000000000461e000 	/System/Library/PrivateFrameworks/TCC.framework/Versions/A/TCC
0x000000000461e000 	/usr/lib/libmecabra.dylib
0x000000000461e000 	/System/Library/PrivateFrameworks/LanguageModeling.framework/Versions/A/LanguageModeling
0x000000000461e000 	/usr/lib/libcmph.dylib
0x000000000461e000 	/usr/lib/libiconv.2.dylib
0x000000000461e000 	/System/Library/Frameworks/OpenDirectory.framework/Versions/A/Frameworks/CFOpenDirectory.framework/Versions/A/CFOpenDirectory
0x000000000461e000 	/System/Library/Frameworks/ServiceManagement.framework/Versions/A/ServiceManagement
0x000000000461e000 	/usr/lib/libxslt.1.dylib
0x000000000461e000 	/System/Library/Frameworks/Carbon.framework/Versions/A/Frameworks/Ink.framework/Versions/A/Ink
0x000000000461e000 	/System/Library/Frameworks/ApplicationServices.framework/Versions/A/Frameworks/ATS.framework/Versions/A/ATS
0x000000000461e000 	/System/Library/Frameworks/ApplicationServices.framework/Versions/A/Frameworks/ColorSync.framework/Versions/A/ColorSync
0x000000000461e000 	/System/Library/Frameworks/ApplicationServices.framework/Versions/A/Frameworks/HIServices.framework/Versions/A/HIServices
0x000000000461e000 	/System/Library/Frameworks/ApplicationServices.framework/Versions/A/Frameworks/LangAnalysis.framework/Versions/A/LangAnalysis
0x000000000461e000 	/System/Library/Frameworks/ApplicationServices.framework/Versions/A/Frameworks/PrintCore.framework/Versions/A/PrintCore
0x000000000461e000 	/System/Library/Frameworks/ApplicationServices.framework/Versions/A/Frameworks/QD.framework/Versions/A/QD
0x000000000461e000 	/System/Library/Frameworks/ApplicationServices.framework/Versions/A/Frameworks/SpeechSynthesis.framework/Versions/A/SpeechSynthesis
0x000000000461e000 	/System/Library/Frameworks/Accelerate.framework/Versions/A/Accelerate
0x000000000461e000 	/System/Library/Frameworks/Accelerate.framework/Versions/A/Frameworks/vImage.framework/Versions/A/vImage
0x000000000461e000 	/System/Library/Frameworks/Accelerate.framework/Versions/A/Frameworks/vecLib.framework/Versions/A/vecLib
0x000000000461e000 	/System/Library/Frameworks/Accelerate.framework/Versions/A/Frameworks/vecLib.framework/Versions/A/libvDSP.dylib
0x000000000461e000 	/System/Library/Frameworks/Accelerate.framework/Versions/A/Frameworks/vecLib.framework/Versions/A/libvMisc.dylib
0x000000000461e000 	/System/Library/Frameworks/Accelerate.framework/Versions/A/Frameworks/vecLib.framework/Versions/A/libLAPACK.dylib
0x000000000461e000 	/System/Library/Frameworks/Accelerate.framework/Versions/A/Frameworks/vecLib.framework/Versions/A/libBLAS.dylib
0x000000000461e000 	/System/Library/Frameworks/Accelerate.framework/Versions/A/Frameworks/vecLib.framework/Versions/A/libLinearAlgebra.dylib
0x000000000461e000 	/System/Library/Frameworks/ApplicationServices.framework/Versions/A/Frameworks/ATS.framework/Versions/A/Resources/libFontParser.dylib
0x000000000461e000 	/System/Library/Frameworks/ApplicationServices.framework/Versions/A/Frameworks/ATS.framework/Versions/A/Resources/libFontRegistry.dylib
0x000000000461e000 	/System/Library/PrivateFrameworks/AppleVPA.framework/Versions/A/AppleVPA
0x000000000461e000 	/System/Library/PrivateFrameworks/AppleJPEG.framework/Versions/A/AppleJPEG
0x000000000461e000 	/System/Library/Frameworks/ImageIO.framework/Versions/A/Resources/libJPEG.dylib
0x000000000461e000 	/System/Library/Frameworks/ImageIO.framework/Versions/A/Resources/libTIFF.dylib
0x000000000461e000 	/System/Library/Frameworks/ImageIO.framework/Versions/A/Resources/libPng.dylib
0x000000000461e000 	/System/Library/Frameworks/ImageIO.framework/Versions/A/Resources/libGIF.dylib
0x000000000461e000 	/System/Library/Frameworks/ImageIO.framework/Versions/A/Resources/libJP2.dylib
0x000000000461e000 	/System/Library/Frameworks/ImageIO.framework/Versions/A/Resources/libRadiance.dylib
0x000000000461e000 	/System/Library/Frameworks/CoreVideo.framework/Versions/A/CoreVideo
0x000000000461e000 	/System/Library/Frameworks/OpenGL.framework/Versions/A/Libraries/libGLU.dylib
0x000000000461e000 	/System/Library/Frameworks/OpenGL.framework/Versions/A/Libraries/libGFXShared.dylib
0x000000000461e000 	/System/Library/Frameworks/OpenGL.framework/Versions/A/Libraries/libGL.dylib
0x000000000461e000 	/System/Library/Frameworks/OpenGL.framework/Versions/A/Libraries/libGLImage.dylib
0x000000000461e000 	/System/Library/Frameworks/OpenGL.framework/Versions/A/Libraries/libCVMSPluginSupport.dylib
0x000000000461e000 	/System/Library/Frameworks/OpenGL.framework/Versions/A/Libraries/libCoreVMClient.dylib
0x000000000461e000 	/usr/lib/libcups.2.dylib
0x000000000461e000 	/System/Library/Frameworks/Kerberos.framework/Versions/A/Kerberos
0x000000000461e000 	/System/Library/Frameworks/GSS.framework/Versions/A/GSS
0x000000000461e000 	/usr/lib/libresolv.9.dylib
0x000000000461e000 	/System/Library/PrivateFrameworks/Heimdal.framework/Versions/A/Heimdal
0x000000000461e000 	/usr/lib/libheimdal-asn1.dylib
0x000000000461e000 	/System/Library/Frameworks/OpenDirectory.framework/Versions/A/OpenDirectory
0x000000000461e000 	/System/Library/PrivateFrameworks/CommonAuth.framework/Versions/A/CommonAuth
0x000000000461e000 	/System/Library/Frameworks/SecurityFoundation.framework/Versions/A/SecurityFoundation
0x000000000461e000 	/System/Library/Frameworks/QuartzCore.framework/Versions/A/Frameworks/CoreImage.framework/Versions/A/CoreImage
0x000000000461e000 	/System/Library/PrivateFrameworks/CrashReporterSupport.framework/Versions/A/CrashReporterSupport
0x000000000461e000 	/System/Library/Frameworks/OpenCL.framework/Versions/A/OpenCL
0x000000000461e000 	/System/Library/PrivateFrameworks/FaceCore.framework/Versions/A/FaceCore
0x000000000461e000 	/System/Library/PrivateFrameworks/Ubiquity.framework/Versions/A/Ubiquity
0x000000000461e000 	/System/Library/PrivateFrameworks/IconServices.framework/Versions/A/IconServices
0x000000000461e000 	/System/Library/PrivateFrameworks/ChunkingLibrary.framework/Versions/A/ChunkingLibrary
0x000000000461e000 	/System/Library/PrivateFrameworks/Apple80211.framework/Versions/A/Apple80211
0x000000000461e000 	/System/Library/Frameworks/CoreWLAN.framework/Versions/A/CoreWLAN
0x000000000461e000 	/System/Library/Frameworks/IOBluetooth.framework/Versions/A/IOBluetooth
0x000000000461e000 	/System/Library/PrivateFrameworks/CoreWiFi.framework/Versions/A/CoreWiFi
0x000000000461e000 	/System/Library/Frameworks/CoreBluetooth.framework/Versions/A/CoreBluetooth
0x000000000461e000 	/System/Library/PrivateFrameworks/DebugSymbols.framework/Versions/A/DebugSymbols
0x000000000461e000 	/System/Library/PrivateFrameworks/CoreSymbolication.framework/Versions/A/CoreSymbolication
0x000000000461e000 	/System/Library/PrivateFrameworks/Symbolication.framework/Versions/A/Symbolication
0x000000000461e000 	/System/Library/PrivateFrameworks/SpeechRecognitionCore.framework/Versions/A/SpeechRecognitionCore
0x0000000105400000 	/Users/armando/Desktop/JMonkeyEngine/jMonkeyPlatform.app/Contents/Resources/jmonkeyplatform/jdk/jre/lib/server/libjvm.dylib
0x000000000461e000 	/usr/lib/libstdc++.6.dylib
0x0000000104b8f000 	/Users/armando/Desktop/JMonkeyEngine/jMonkeyPlatform.app/Contents/Resources/jmonkeyplatform/jdk/jre/lib/libverify.dylib
0x0000000104b9c000 	/Users/armando/Desktop/JMonkeyEngine/jMonkeyPlatform.app/Contents/Resources/jmonkeyplatform/jdk/jre/lib/libjava.dylib
0x0000000104bd6000 	/Users/armando/Desktop/JMonkeyEngine/jMonkeyPlatform.app/Contents/Resources/jmonkeyplatform/jdk/jre/lib/libzip.dylib
0x000000010d243000 	/System/Library/Frameworks/JavaVM.framework/Frameworks/JavaRuntimeSupport.framework/JavaRuntimeSupport
0x000000010d25b000 	/System/Library/Frameworks/JavaVM.framework/Versions/A/Frameworks/JavaNativeFoundation.framework/Versions/A/JavaNativeFoundation
0x000000010d270000 	/System/Library/Frameworks/JavaVM.framework/Versions/A/JavaVM
0x000000000461e000 	/System/Library/Frameworks/Carbon.framework/Versions/A/Carbon
0x000000010d27d000 	/System/Library/PrivateFrameworks/JavaLaunching.framework/Versions/A/JavaLaunching
0x000000000461e000 	/System/Library/Frameworks/Carbon.framework/Versions/A/Frameworks/CommonPanels.framework/Versions/A/CommonPanels
0x000000000461e000 	/System/Library/Frameworks/Carbon.framework/Versions/A/Frameworks/Help.framework/Versions/A/Help
0x000000000461e000 	/System/Library/Frameworks/Carbon.framework/Versions/A/Frameworks/ImageCapture.framework/Versions/A/ImageCapture
0x000000000461e000 	/System/Library/Frameworks/Carbon.framework/Versions/A/Frameworks/OpenScripting.framework/Versions/A/OpenScripting
0x000000000461e000 	/System/Library/Frameworks/Carbon.framework/Versions/A/Frameworks/Print.framework/Versions/A/Print
0x000000000461e000 	/System/Library/Frameworks/Carbon.framework/Versions/A/Frameworks/SecurityHI.framework/Versions/A/SecurityHI
0x000000010f034000 	/Users/armando/Desktop/JMonkeyEngine/jMonkeyPlatform.app/Contents/Resources/jmonkeyplatform/jdk/jre/lib/libawt.dylib
0x000000010f0e3000 	/Users/armando/Desktop/JMonkeyEngine/jMonkeyPlatform.app/Contents/Resources/jmonkeyplatform/jdk/jre/lib/./libmlib_image.dylib
0x000000010f1af000 	/Users/armando/Desktop/JMonkeyEngine/jMonkeyPlatform.app/Contents/Resources/jmonkeyplatform/jdk/jre/lib/lwawt/liblwawt.dylib
0x000000010f263000 	/Users/armando/Desktop/JMonkeyEngine/jMonkeyPlatform.app/Contents/Resources/jmonkeyplatform/jdk/jre/lib/libosxapp.dylib
0x000000000461e000 	/System/Library/Frameworks/ExceptionHandling.framework/Versions/A/ExceptionHandling
0x000000000461e000 	/System/Library/PrivateFrameworks/CoreServicesInternal.framework/Versions/A/CoreServicesInternal
0x000000000461e000 	/System/Library/PrivateFrameworks/CloudDocs.framework/Versions/A/CloudDocs
0x000000000461e000 	/System/Library/PrivateFrameworks/CoreDuet.framework/Versions/A/CoreDuet
0x000000000461e000 	/System/Library/Frameworks/CloudKit.framework/Versions/A/CloudKit
0x000000000461e000 	/System/Library/PrivateFrameworks/ProtocolBuffer.framework/Versions/A/ProtocolBuffer
0x000000000461e000 	/System/Library/PrivateFrameworks/CoreDuetDaemonProtocol.framework/Versions/A/CoreDuetDaemonProtocol
0x000000000461e000 	/System/Library/PrivateFrameworks/CoreDuetDebugLogging.framework/Versions/A/CoreDuetDebugLogging
0x000000000461e000 	/System/Library/Frameworks/CoreLocation.framework/Versions/A/CoreLocation
0x000000000461e000 	/System/Library/Frameworks/Accounts.framework/Versions/A/Accounts
0x000000000461e000 	/System/Library/PrivateFrameworks/ApplePushService.framework/Versions/A/ApplePushService
0x000000000461e000 	/System/Library/PrivateFrameworks/GeoServices.framework/Versions/A/GeoServices
0x000000000461e000 	/System/Library/PrivateFrameworks/OAuth.framework/Versions/A/OAuth
0x000000000461e000 	/System/Library/PrivateFrameworks/CoreDaemon.framework/Versions/B/CoreDaemon
0x000000000461e000 	/usr/lib/libcrypto.0.9.8.dylib
0x000000000461e000 	/System/Library/PrivateFrameworks/AppleSRP.framework/Versions/A/AppleSRP
0x000000000461e000 	/System/Library/PrivateFrameworks/TrustEvaluationAgent.framework/Versions/A/TrustEvaluationAgent
0x000000000461e000 	/System/Library/Frameworks/CoreGraphics.framework/Versions/A/Resources/libCGCMS.A.dylib
0x000000000461e000 	/System/Library/Frameworks/CoreGraphics.framework/Versions/A/Resources/libRIP.A.dylib
0x000000000461e000 	/System/Library/Frameworks/CoreGraphics.framework/Versions/A/Resources/libCGXType.A.dylib
0x000000000461e000 	/System/Library/Frameworks/OpenCL.framework/Versions/A/Libraries/libcldcpuengine.dylib
0x000000000461e000 	/System/Library/PrivateFrameworks/DiskImages.framework/Versions/A/DiskImages
0x000000000461e000 	/System/Library/Frameworks/DiscRecording.framework/Versions/A/DiscRecording
0x000000000461e000 	/usr/lib/libcsfde.dylib
0x000000000461e000 	/usr/lib/libcurl.4.dylib
0x000000000461e000 	/System/Library/PrivateFrameworks/MediaKit.framework/Versions/A/MediaKit
0x000000000461e000 	/System/Library/PrivateFrameworks/ProtectedCloudStorage.framework/Versions/A/ProtectedCloudStorage
0x000000000461e000 	/usr/lib/libCoreStorage.dylib
0x000000000461e000 	/System/Library/PrivateFrameworks/EFILogin.framework/Versions/A/EFILogin
0x000000000461e000 	/usr/lib/libutil.dylib
0x000000000461e000 	/System/Library/PrivateFrameworks/FindMyDevice.framework/Versions/A/FindMyDevice
0x000000000461e000 	/System/Library/Frameworks/LDAP.framework/Versions/A/LDAP
0x000000000461e000 	/usr/lib/libsasl2.2.dylib
0x0000000111da3000 	cl_kernels
0x0000000111da5000 	/System/Library/Frameworks/OpenCL.framework/Versions/A/Libraries/ImageFormats/unorm8_bgra.dylib
0x0000000111d94000 	cl_kernels
0x000000000461e000 	/System/Library/PrivateFrameworks/FamilyControls.framework/Versions/A/FamilyControls
0x000000000461e000 	/System/Library/PrivateFrameworks/CommerceKit.framework/Versions/A/Frameworks/CommerceCore.framework/Versions/A/CommerceCore
0x000000000461e000 	/System/Library/PrivateFrameworks/SystemAdministration.framework/Versions/A/SystemAdministration
0x000000000461e000 	/System/Library/PrivateFrameworks/AppContainer.framework/Versions/A/AppContainer
0x000000000461e000 	/System/Library/PrivateFrameworks/SecCodeWrapper.framework/Versions/A/SecCodeWrapper
0x000000000461e000 	/System/Library/Frameworks/DirectoryService.framework/Versions/A/DirectoryService
0x000000000461e000 	/System/Library/PrivateFrameworks/LoginUIKit.framework/Versions/A/Frameworks/LoginUICore.framework/Versions/A/LoginUICore
0x000000000461e000 	/usr/lib/libodfde.dylib
0x0000000112f68000 	/Users/armando/Desktop/JMonkeyEngine/jMonkeyPlatform.app/Contents/Resources/jmonkeyplatform/jdk/jre/lib/libfontmanager.dylib
0x000000000461e000 	/System/Library/Frameworks/OpenGL.framework/Versions/A/Resources/GLEngine.bundle/GLEngine
0x000000000461e000 	/System/Library/Frameworks/OpenGL.framework/Versions/A/Libraries/libGLProgrammability.dylib
0x0000000000000000 	/System/Library/Extensions/AppleIntelHD3000GraphicsGLDriver.bundle/Contents/MacOS/AppleIntelHD3000GraphicsGLDriver
0x00000001112db000 	/System/Library/PrivateFrameworks/GPUSupport.framework/Versions/A/Libraries/libGPUSupport.dylib
0x000000000461e000 	/System/Library/Frameworks/OpenGL.framework/Versions/A/Resources/GLRendererFloat.bundle/GLRendererFloat
0x00000001112f6000 	/Users/armando/Desktop/JMonkeyEngine/jMonkeyPlatform.app/Contents/Resources/jmonkeyplatform/jdk/jre/lib/libosxui.dylib
0x00000001133a1000 	/Users/armando/Desktop/JMonkeyEngine/jMonkeyPlatform.app/Contents/Resources/jmonkeyplatform/jdk/jre/lib/libosx.dylib
0x0000000114a6d000 	/Users/armando/Desktop/JMonkeyEngine/jMonkeyPlatform.app/Contents/Resources/jmonkeyplatform/jdk/jre/lib/libnet.dylib
0x0000000114496000 	/Users/armando/Desktop/JMonkeyEngine/jMonkeyPlatform.app/Contents/Resources/jmonkeyplatform/jdk/jre/lib/libnio.dylib
0x000000000461e000 	/System/Library/Frameworks/Accelerate.framework/Versions/A/Frameworks/vImage.framework/Versions/A/Libraries/libCGInterfaces.dylib
0x000000011404b000 	/Users/armando/Desktop/betoo/jmonkey/first/liblwjgl.dylib
0x00000001139fe000 	/Users/armando/Desktop/JMonkeyEngine/jMonkeyPlatform.app/Contents/Resources/jmonkeyplatform/jdk/jre/lib/libjawt.dylib
0x00000001152a4000 	/Users/armando/Desktop/betoo/jmonkey/first/openal.dylib
0x000000011544a000 	/System/Library/Components/CoreAudio.component/Contents/MacOS/CoreAudio
0x000000011446e000 	/System/Library/Extensions/AppleHDA.kext/Contents/PlugIns/AppleHDAHALPlugIn.bundle/Contents/MacOS/AppleHDAHALPlugIn

VM Arguments:
jvm_args: -Dfile.encoding=UTF-8 
java_command: mygame.Main
Launcher Type: SUN_STANDARD

Environment Variables:
PATH=/usr/bin:/bin:/usr/sbin:/sbin
LD_LIBRARY_PATH=/Users/armando/Desktop/JMonkeyEngine/jMonkeyPlatform.app/Contents/MacOS/../Resources/jmonkeyplatform/bin/../jdk/jre/lib/amd64:/Users/armando/Desktop/JMonkeyEngine/jMonkeyPlatform.app/Contents/MacOS/../Resources/jmonkeyplatform/bin/../jdk/jre/lib/i386:
SHELL=/bin/bash
DISPLAY=/private/tmp/com.apple.launchd.Y9TXDJcb8c/org.macosforge.xquartz:0

Signal Handlers:
SIGSEGV: [libjvm.dylib+0x525425], sa_mask[0]=0xfffefeff, sa_flags=0x00000043
SIGBUS: [libjvm.dylib+0x525425], sa_mask[0]=0xfffefeff, sa_flags=0x00000042
SIGFPE: [libjvm.dylib+0x41892a], sa_mask[0]=0xfffefeff, sa_flags=0x00000042
SIGPIPE: [libjvm.dylib+0x41892a], sa_mask[0]=0xfffefeff, sa_flags=0x00000042
SIGXFSZ: [libjvm.dylib+0x41892a], sa_mask[0]=0xfffefeff, sa_flags=0x00000042
SIGILL: [libjvm.dylib+0x41892a], sa_mask[0]=0xfffefeff, sa_flags=0x00000042
SIGUSR1: SIG_DFL, sa_mask[0]=0x00000000, sa_flags=0x00000000
SIGUSR2: [libjvm.dylib+0x41841c], sa_mask[0]=0x00000004, sa_flags=0x00000042
SIGHUP: [libjvm.dylib+0x4166ab], sa_mask[0]=0xfffefeff, sa_flags=0x00000042
SIGINT: SIG_IGN, sa_mask[0]=0x00000000, sa_flags=0x00000000
SIGTERM: [libjvm.dylib+0x4166ab], sa_mask[0]=0xfffefeff, sa_flags=0x00000042
SIGQUIT: [libjvm.dylib+0x4166ab], sa_mask[0]=0xfffefeff, sa_flags=0x00000042


---------------  S Y S T E M  ---------------

OS:Bsduname:Darwin 14.0.0 Darwin Kernel Version 14.0.0: Fri Sep 19 00:26:44 PDT 2014; root:xnu-2782.1.97~2/RELEASE_X86_64 x86_64
rlimit: STACK 8192k, CORE 0k, NPROC 709, NOFILE 10240, AS infinity
load average:2.94 2.32 2.03

CPU:total 4 (2 cores per cpu, 2 threads per core) family 6 model 42 stepping 7, cmov, cx8, fxsr, mmx, sse, sse2, sse3, ssse3, sse4.1, sse4.2, popcnt, avx, aes, ht, tsc, tscinvbit

Memory: 4k page, physical 4194304k(1048576k free)

/proc/meminfo:


vm_info: Java HotSpot(TM) 64-Bit Server VM (24.51-b03) for bsd-amd64 JRE (1.7.0_51-b13), built on Dec 18 2013 18:45:56 by "java_re" with gcc 4.2.1 (Based on Apple Inc. build 5658) (LLVM build 2336.11.00)

time: Thu Nov 27 11:07:08 2014
elapsed time: 7 seconds

